<?xml version="1.0" encoding="UTF-8"?>
<testsuite xmlns:xsi="http://www.w3.org/2001/XMLSchema-instance" xsi:noNamespaceSchemaLocation="https://maven.apache.org/surefire/maven-surefire-plugin/xsd/surefire-test-report-3.0.xsd" version="3.0" name="Project1Test" time="0.593" tests="13" errors="0" skipped="0" failures="0">
  <properties>
[...]
</properties>
  <testcase name="testRemoveNodeError" classname="Project1Test" time="0.038">
    <system-out><![CDATA[e does not exist in graph
]]></system-out>
    <system-err><![CDATA[SLF4J: Failed to load class "org.slf4j.impl.StaticLoggerBinder".
SLF4J: Defaulting to no-operation (NOP) logger implementation
SLF4J: See http://www.slf4j.org/codes.html#StaticLoggerBinder for further details.
]]></system-err>
  </testcase>
  <testcase name="testParseGraph" classname="Project1Test" time="0.0"/>
  <testcase name="testAddEdge" classname="Project1Test" time="0.0"/>
  <testcase name="testAddNode" classname="Project1Test" time="0.0"/>
  <testcase name="testOutputGraph" classname="Project1Test" time="0.003">
    <system-out><![CDATA[Number of Nodes: 4
Nodes: [a, b, c, d]
Number of Edges: 4

digraph {
"a" -> "b"
"b" -> "c"
"c" -> "d"
"d" -> "a"
}
]]></system-out>
  </testcase>
  <testcase name="testRemoveNodes" classname="Project1Test" time="0.0"/>
  <testcase name="testAddNodes" classname="Project1Test" time="0.002"/>
  <testcase name="testRemoveEdge" classname="Project1Test" time="0.002"/>
  <testcase name="testRemoveNode" classname="Project1Test" time="0.003"/>
  <testcase name="testOutputGraphics" classname="Project1Test" time="0.497"/>
  <testcase name="testOutputDotGraph" classname="Project1Test" time="0.002"/>
  <testcase name="testRemoveNodesError" classname="Project1Test" time="0.003">
    <system-out><![CDATA[e does not exist in graph
]]></system-out>
  </testcase>
  <testcase name="testRemoveEdgeError" classname="Project1Test" time="0.002">
    <system-out><![CDATA[Edge from a to e does not exist
]]></system-out>
  </testcase>
</testsuite>